[2026-02-24T06:30:44.088Z] [INFO] [Origen: /]: Usuario Invitado accedió a la página de ElMotorista 
[2026-02-24T06:30:44.091Z] [INFO] [Origen: /]: Usuario Invitado accedió a la página de ElMotorista 
[2026-02-24T06:35:54.357Z] [INFO] [Origen: /]: Usuario Invitado accedió a la página de El Motorista 
[2026-02-24T06:35:56.981Z] [INFO] [Origen: /]: Usuario Invitado accedió a la página de El Motorista 
[2026-02-24T06:35:56.991Z] [INFO] [Origen: /]: Usuario Invitado accedió a la página de El Motorista 
[2026-02-24T06:39:54.438Z] [INFO] [Origen: /]: Usuario Invitado accedió a la página de ElMotorista 
[2026-02-24T06:40:01.106Z] [INFO] [Origen: /]: Usuario Invitado accedió a la página de ElMotorista 
[2026-02-24T06:40:01.109Z] [INFO] [Origen: /]: Usuario Invitado accedió a la página de ElMotorista 
[2026-02-24T06:40:46.470Z] [INFO] [Origen: /]: Usuario Invitado accedió a la página de ElMotorista 
[2026-02-24T06:40:46.474Z] [INFO] [Origen: /]: Usuario Invitado accedió a la página de ElMotorista 
[2026-02-24T06:41:21.178Z] [INFO] [Origen: /]: Usuario Invitado accedió a la página de Lola 
[2026-02-24T06:41:22.851Z] [INFO] [Origen: /]: Usuario Invitado accedió a la página de Lolamoto 
[2026-02-24T06:41:24.827Z] [INFO] [Origen: /]: Usuario Invitado accedió a la página de Lolamoto 
[2026-02-24T06:41:24.835Z] [INFO] [Origen: /]: Usuario Invitado accedió a la página de Lolamoto 
[2026-02-24T06:41:31.137Z] [INFO] [Origen: /]: Usuario Invitado accedió a la página de LolaMoto 
[2026-02-24T06:41:32.598Z] [INFO] [Origen: /]: Usuario Invitado accedió a la página de LolaMoto 
[2026-02-24T06:41:32.615Z] [INFO] [Origen: /]: Usuario Invitado accedió a la página de LolaMoto 
[2026-02-24T06:41:34.500Z] [INFO] [Origen: /]: Usuario Invitado accedió a la página de LolaMoto 
[2026-02-24T06:41:34.517Z] [INFO] [Origen: /]: Usuario Invitado accedió a la página de LolaMoto 
[2026-02-24T06:41:43.308Z] [INFO] [Origen: /]: Usuario Invitado accedió a la página de LolaMoto 
[2026-02-24T06:41:43.312Z] [INFO] [Origen: /]: Usuario Invitado accedió a la página de LolaMoto 
[2026-02-24T06:43:25.164Z] [INFO] [Origen: /]: Usuario Invitado accedió a la página de LolaMoto 
[2026-02-24T06:43:25.181Z] [INFO] [Origen: /]: Usuario Invitado accedió a la página de LolaMoto 
[2026-02-24T06:45:39.872Z] [INFO] [Origen: /login]: Usuario Juan ha iniciado sesión 
[2026-02-24T06:45:39.920Z] [INFO] [Origen: /]: Usuario Juan accedió a la página de LolaMoto 
[2026-02-24T06:45:39.934Z] [INFO] [Origen: /]: Usuario Juan accedió a la página de LolaMoto 
[2026-02-24T06:45:59.974Z] [INFO] [Origen: /]: Usuario Juan accedió a la página de ElMotorista 
[2026-02-24T06:45:59.978Z] [INFO] [Origen: /]: Usuario Juan accedió a la página de ElMotorista 
[2026-02-24T06:46:02.130Z] [INFO] [Origen: /]: Usuario Invitado accedió a la página de ElMotorista 
[2026-02-24T06:55:32.534Z] [INFO] [Origen: /]: Usuario Invitado accedió a la página de ElMotorista 
[2026-02-24T06:55:32.538Z] [INFO] [Origen: /]: Usuario Invitado accedió a la página de ElMotorista 
[2026-02-24T07:00:42.969Z] [INFO] [Origen: /]: Usuario Invitado accedió a la página de ElMotorista 
[2026-02-24T07:00:42.972Z] [INFO] [Origen: /]: Usuario Invitado accedió a la página de ElMotorista 
[2026-02-24T07:03:38.954Z] [INFO] [Origen: /]: Usuario Invitado accedió a la página de ElMotorista 
[2026-02-24T07:03:38.960Z] [INFO] [Origen: /]: Usuario Invitado accedió a la página de ElMotorista 
[2026-02-24T07:03:40.609Z] [INFO] [Origen: /]: Usuario Invitado accedió a la página de ElMotorista 
[2026-02-24T07:03:40.620Z] [INFO] [Origen: /]: Usuario Invitado accedió a la página de ElMotorista 
[2026-02-24T07:03:43.808Z] [INFO] [Origen: /]: Usuario invitado ha cambiado el idioma a en 
[2026-02-24T07:03:46.264Z] [INFO] [Origen: /catalogues]: Usuario invitado ha cambiado el idioma a es 
[2026-02-24T07:03:47.150Z] [INFO] [Origen: /]: Usuario Invitado accedió a la página de ElMotorista 
[2026-02-24T07:03:47.154Z] [INFO] [Origen: /]: Usuario Invitado accedió a la página de ElMotorista 
[2026-02-24T07:03:51.944Z] [INFO] [Origen: /login]: Usuario invitado ha cambiado el idioma a en 
[2026-02-24T07:03:53.006Z] [INFO] [Origen: /login]: Usuario invitado ha cambiado el idioma a es 
[2026-02-24T07:03:58.471Z] [INFO] [Origen: /catalogues]: Usuario invitado ha cambiado el idioma a es 
[2026-02-24T07:03:59.200Z] [INFO] [Origen: /catalogues]: Usuario invitado ha cambiado el idioma a en 
[2026-02-24T07:04:02.721Z] [INFO] [Origen: /catalogues]: Usuario invitado ha cambiado el idioma a en 
[2026-02-24T07:04:03.678Z] [INFO] [Origen: /catalogues]: Usuario invitado ha cambiado el idioma a es 
[2026-02-24T07:04:06.138Z] [INFO] [Origen: /]: Usuario Invitado accedió a la página de ElMotorista 
[2026-02-24T07:04:06.142Z] [INFO] [Origen: /]: Usuario Invitado accedió a la página de ElMotorista 
[2026-02-24T07:04:09.567Z] [INFO] [Origen: /catalogues]: Usuario invitado ha cambiado el idioma a es 
[2026-02-24T07:04:10.543Z] [INFO] [Origen: /catalogues]: Usuario invitado ha cambiado el idioma a en 
[2026-02-24T07:04:12.080Z] [INFO] [Origen: /catalogues]: Usuario invitado ha cambiado el idioma a es 
[2026-02-24T07:04:15.095Z] [INFO] [Origen: /catalogues]: Usuario invitado ha cambiado el idioma a es 
[2026-02-24T07:04:20.162Z] [INFO] [Origen: /catalogues]: Usuario invitado ha cambiado el idioma a en 
[2026-02-24T07:04:22.852Z] [INFO] [Origen: /catalogues]: Usuario invitado ha cambiado el idioma a es 
[2026-02-24T07:04:24.234Z] [INFO] [Origen: /catalogues]: Usuario invitado ha cambiado el idioma a en 
[2026-02-24T07:04:25.434Z] [INFO] [Origen: /catalogues]: Usuario invitado ha cambiado el idioma a en 
[2026-02-24T07:04:25.907Z] [INFO] [Origen: /catalogues]: Usuario invitado ha cambiado el idioma a en 
[2026-02-24T07:04:26.066Z] [INFO] [Origen: /catalogues]: Usuario invitado ha cambiado el idioma a en 
[2026-02-24T07:04:26.793Z] [INFO] [Origen: /catalogues]: Usuario invitado ha cambiado el idioma a es 
[2026-02-24T07:04:27.994Z] [INFO] [Origen: /catalogues]: Usuario invitado ha cambiado el idioma a es 
[2026-02-24T07:04:28.556Z] [INFO] [Origen: /catalogues]: Usuario invitado ha cambiado el idioma a en 
[2026-02-24T07:04:30.687Z] [INFO] [Origen: /]: Usuario Invitado accedió a la página de ElMotorista 
[2026-02-24T07:04:30.691Z] [INFO] [Origen: /]: Usuario Invitado accedió a la página de ElMotorista 
[2026-02-24T07:04:31.761Z] [INFO] [Origen: /]: Usuario Invitado programó incremento en 1600 ms 
[2026-02-24T07:04:33.370Z] [INFO] [Origen: /]: Usuario Invitado incrementó el contador a 1 
[2026-02-24T07:04:38.616Z] [INFO] [Origen: /]: Usuario Invitado accedió a la página de ElMotorista 
[2026-02-24T07:04:38.621Z] [INFO] [Origen: /]: Usuario Invitado accedió a la página de ElMotorista 
[2026-02-24T07:04:51.292Z] [INFO] [Origen: /]: Usuario invitado ha cambiado el idioma a es 
[2026-02-24T07:05:08.532Z] [INFO] [Origen: /]: Usuario Invitado accedió a la página de ElMotorista 
[2026-02-24T07:05:08.536Z] [INFO] [Origen: /]: Usuario Invitado accedió a la página de ElMotorista 
[2026-02-24T07:05:32.130Z] [INFO] [Origen: /detallesMotos/kymco-people-s-125-2019-km0-1373798]: Usuario Invitado pasó a la siguiente imagen de la moto KYMCO PEOPLE S 125 2019 
[2026-02-24T07:05:33.065Z] [INFO] [Origen: /detallesMotos/kymco-people-s-125-2019-km0-1373798]: Usuario Invitado pasó a la siguiente imagen de la moto KYMCO PEOPLE S 125 2019 
[2026-02-24T07:05:33.883Z] [INFO] [Origen: /detallesMotos/kymco-people-s-125-2019-km0-1373798]: Usuario Invitado pasó a la siguiente imagen de la moto KYMCO PEOPLE S 125 2019 
[2026-02-24T07:05:34.715Z] [INFO] [Origen: /detallesMotos/kymco-people-s-125-2019-km0-1373798]: Usuario Invitado pasó a la siguiente imagen de la moto KYMCO PEOPLE S 125 2019 
[2026-02-24T07:05:35.745Z] [INFO] [Origen: /detallesMotos/kymco-people-s-125-2019-km0-1373798]: Usuario Invitado pasó a la imagen anterior de la moto KYMCO PEOPLE S 125 2019 
[2026-02-24T07:05:37.153Z] [INFO] [Origen: /detallesMotos/kymco-people-s-125-2019-km0-1373798]: Usuario Invitado pasó a la imagen anterior de la moto KYMCO PEOPLE S 125 2019 
[2026-02-24T07:05:38.497Z] [INFO] [Origen: /detallesMotos/kymco-people-s-125-2019-km0-1373798]: Usuario Invitado pasó a la imagen anterior de la moto KYMCO PEOPLE S 125 2019 
[2026-02-24T07:05:39.082Z] [INFO] [Origen: /detallesMotos/kymco-people-s-125-2019-km0-1373798]: Usuario Invitado pasó a la imagen anterior de la moto KYMCO PEOPLE S 125 2019 
[2026-02-24T07:05:39.522Z] [INFO] [Origen: /detallesMotos/kymco-people-s-125-2019-km0-1373798]: Usuario Invitado pasó a la imagen anterior de la moto KYMCO PEOPLE S 125 2019 
[2026-02-24T07:05:39.921Z] [INFO] [Origen: /detallesMotos/kymco-people-s-125-2019-km0-1373798]: Usuario Invitado pasó a la imagen anterior de la moto KYMCO PEOPLE S 125 2019 
[2026-02-24T07:05:40.233Z] [INFO] [Origen: /detallesMotos/kymco-people-s-125-2019-km0-1373798]: Usuario Invitado pasó a la imagen anterior de la moto KYMCO PEOPLE S 125 2019 
[2026-02-24T07:05:40.401Z] [INFO] [Origen: /detallesMotos/kymco-people-s-125-2019-km0-1373798]: Usuario Invitado pasó a la imagen anterior de la moto KYMCO PEOPLE S 125 2019 
[2026-02-24T07:05:40.557Z] [INFO] [Origen: /detallesMotos/kymco-people-s-125-2019-km0-1373798]: Usuario Invitado pasó a la imagen anterior de la moto KYMCO PEOPLE S 125 2019 
[2026-02-24T07:05:41.738Z] [INFO] [Origen: /detallesMotos/kymco-people-s-125-2019-km0-1373798]: Usuario Invitado pasó a la siguiente imagen de la moto KYMCO PEOPLE S 125 2019 
[2026-02-24T07:05:42.145Z] [INFO] [Origen: /detallesMotos/kymco-people-s-125-2019-km0-1373798]: Usuario Invitado pasó a la siguiente imagen de la moto KYMCO PEOPLE S 125 2019 
[2026-02-24T07:05:42.625Z] [INFO] [Origen: /detallesMotos/kymco-people-s-125-2019-km0-1373798]: Usuario Invitado pasó a la siguiente imagen de la moto KYMCO PEOPLE S 125 2019 
[2026-02-24T07:05:43.058Z] [INFO] [Origen: /detallesMotos/kymco-people-s-125-2019-km0-1373798]: Usuario Invitado pasó a la siguiente imagen de la moto KYMCO PEOPLE S 125 2019 
[2026-02-24T07:05:43.449Z] [INFO] [Origen: /detallesMotos/kymco-people-s-125-2019-km0-1373798]: Usuario Invitado pasó a la siguiente imagen de la moto KYMCO PEOPLE S 125 2019 
[2026-02-24T07:05:43.714Z] [INFO] [Origen: /detallesMotos/kymco-people-s-125-2019-km0-1373798]: Usuario Invitado pasó a la siguiente imagen de la moto KYMCO PEOPLE S 125 2019 
[2026-02-24T07:05:43.913Z] [INFO] [Origen: /detallesMotos/kymco-people-s-125-2019-km0-1373798]: Usuario Invitado pasó a la siguiente imagen de la moto KYMCO PEOPLE S 125 2019 
[2026-02-24T07:05:45.442Z] [INFO] [Origen: /detallesMotos/kymco-people-s-125-2019-km0-1373798]: Usuario Invitado pasó a la imagen anterior de la moto KYMCO PEOPLE S 125 2019 
[2026-02-24T07:05:46.242Z] [INFO] [Origen: /detallesMotos/kymco-people-s-125-2019-km0-1373798]: Usuario Invitado pasó a la imagen anterior de la moto KYMCO PEOPLE S 125 2019 
[2026-02-24T07:05:46.657Z] [INFO] [Origen: /detallesMotos/kymco-people-s-125-2019-km0-1373798]: Usuario Invitado pasó a la imagen anterior de la moto KYMCO PEOPLE S 125 2019 
[2026-02-24T07:05:46.985Z] [INFO] [Origen: /detallesMotos/kymco-people-s-125-2019-km0-1373798]: Usuario Invitado pasó a la imagen anterior de la moto KYMCO PEOPLE S 125 2019 
[2026-02-24T07:05:47.290Z] [INFO] [Origen: /detallesMotos/kymco-people-s-125-2019-km0-1373798]: Usuario Invitado pasó a la imagen anterior de la moto KYMCO PEOPLE S 125 2019 
[2026-02-24T07:05:47.554Z] [INFO] [Origen: /detallesMotos/kymco-people-s-125-2019-km0-1373798]: Usuario Invitado pasó a la imagen anterior de la moto KYMCO PEOPLE S 125 2019 
[2026-02-24T07:05:47.746Z] [INFO] [Origen: /detallesMotos/kymco-people-s-125-2019-km0-1373798]: Usuario Invitado pasó a la imagen anterior de la moto KYMCO PEOPLE S 125 2019 
[2026-02-24T07:05:47.881Z] [INFO] [Origen: /detallesMotos/kymco-people-s-125-2019-km0-1373798]: Usuario Invitado pasó a la imagen anterior de la moto KYMCO PEOPLE S 125 2019 
[2026-02-24T07:05:48.057Z] [INFO] [Origen: /detallesMotos/kymco-people-s-125-2019-km0-1373798]: Usuario Invitado pasó a la imagen anterior de la moto KYMCO PEOPLE S 125 2019 
[2026-02-24T07:05:48.233Z] [INFO] [Origen: /detallesMotos/kymco-people-s-125-2019-km0-1373798]: Usuario Invitado pasó a la imagen anterior de la moto KYMCO PEOPLE S 125 2019 
[2026-02-24T07:05:48.394Z] [INFO] [Origen: /detallesMotos/kymco-people-s-125-2019-km0-1373798]: Usuario Invitado pasó a la imagen anterior de la moto KYMCO PEOPLE S 125 2019 
[2026-02-24T07:05:49.994Z] [INFO] [Origen: /detallesMotos/kymco-people-s-125-2019-km0-1373798]: Usuario Invitado pasó a la siguiente imagen de la moto KYMCO PEOPLE S 125 2019 
[2026-02-24T07:05:50.531Z] [INFO] [Origen: /detallesMotos/kymco-people-s-125-2019-km0-1373798]: Usuario Invitado pasó a la siguiente imagen de la moto KYMCO PEOPLE S 125 2019 
[2026-02-24T07:05:50.682Z] [INFO] [Origen: /detallesMotos/kymco-people-s-125-2019-km0-1373798]: Usuario Invitado pasó a la siguiente imagen de la moto KYMCO PEOPLE S 125 2019 
[2026-02-24T07:06:34.163Z] [INFO] [Origen: /detallesMotos/kymco-people-s-125-2019-km0-1373798]: Usuario Invitado pasó a la siguiente imagen de la moto KYMCO PEOPLE S 125 2019 
[2026-02-24T07:06:34.922Z] [INFO] [Origen: /detallesMotos/kymco-people-s-125-2019-km0-1373798]: Usuario Invitado pasó a la siguiente imagen de la moto KYMCO PEOPLE S 125 2019 
[2026-02-24T07:06:35.562Z] [INFO] [Origen: /detallesMotos/kymco-people-s-125-2019-km0-1373798]: Usuario Invitado pasó a la siguiente imagen de la moto KYMCO PEOPLE S 125 2019 
[2026-02-24T07:06:36.290Z] [INFO] [Origen: /detallesMotos/kymco-people-s-125-2019-km0-1373798]: Usuario Invitado pasó a la siguiente imagen de la moto KYMCO PEOPLE S 125 2019 
[2026-02-24T07:06:37.258Z] [INFO] [Origen: /detallesMotos/kymco-people-s-125-2019-km0-1373798]: Usuario Invitado pasó a la siguiente imagen de la moto KYMCO PEOPLE S 125 2019 
[2026-02-24T07:06:38.570Z] [INFO] [Origen: /detallesMotos/kymco-people-s-125-2019-km0-1373798]: Usuario Invitado pasó a la imagen anterior de la moto KYMCO PEOPLE S 125 2019 
[2026-02-24T07:06:39.666Z] [INFO] [Origen: /detallesMotos/kymco-people-s-125-2019-km0-1373798]: Usuario Invitado pasó a la imagen anterior de la moto KYMCO PEOPLE S 125 2019 
[2026-02-24T07:06:41.818Z] [INFO] [Origen: /detallesMotos/kymco-people-s-125-2019-km0-1373798]: Usuario Invitado pasó a la imagen anterior de la moto KYMCO PEOPLE S 125 2019 
[2026-02-24T07:06:43.737Z] [INFO] [Origen: /detallesMotos/kymco-people-s-125-2019-km0-1373798]: Usuario Invitado pasó a la siguiente imagen de la moto KYMCO PEOPLE S 125 2019 
[2026-02-24T07:06:45.049Z] [INFO] [Origen: /detallesMotos/kymco-people-s-125-2019-km0-1373798]: Usuario Invitado pasó a la siguiente imagen de la moto KYMCO PEOPLE S 125 2019 
[2026-02-24T07:06:45.770Z] [INFO] [Origen: /detallesMotos/kymco-people-s-125-2019-km0-1373798]: Usuario Invitado pasó a la siguiente imagen de la moto KYMCO PEOPLE S 125 2019 
[2026-02-24T07:06:46.371Z] [INFO] [Origen: /detallesMotos/kymco-people-s-125-2019-km0-1373798]: Usuario Invitado pasó a la siguiente imagen de la moto KYMCO PEOPLE S 125 2019 
[2026-02-24T07:06:46.793Z] [INFO] [Origen: /detallesMotos/kymco-people-s-125-2019-km0-1373798]: Usuario Invitado pasó a la siguiente imagen de la moto KYMCO PEOPLE S 125 2019 
[2026-02-24T07:06:48.329Z] [INFO] [Origen: /detallesMotos/kymco-people-s-125-2019-km0-1373798]: Usuario Invitado pasó a la imagen anterior de la moto KYMCO PEOPLE S 125 2019 
[2026-02-24T07:06:48.985Z] [INFO] [Origen: /detallesMotos/kymco-people-s-125-2019-km0-1373798]: Usuario Invitado pasó a la imagen anterior de la moto KYMCO PEOPLE S 125 2019 
[2026-02-24T07:06:49.370Z] [INFO] [Origen: /detallesMotos/kymco-people-s-125-2019-km0-1373798]: Usuario Invitado pasó a la imagen anterior de la moto KYMCO PEOPLE S 125 2019 
[2026-02-24T07:06:49.786Z] [INFO] [Origen: /detallesMotos/kymco-people-s-125-2019-km0-1373798]: Usuario Invitado pasó a la imagen anterior de la moto KYMCO PEOPLE S 125 2019 
[2026-02-24T07:08:15.256Z] [INFO] [Origen: /detallesMotos/kymco-people-s-125-2019-km0-1373798]: Usuario Invitado pasó a la imagen anterior de la moto KYMCO PEOPLE S 125 2019 
[2026-02-24T07:08:16.802Z] [INFO] [Origen: /detallesMotos/kymco-people-s-125-2019-km0-1373798]: Usuario Invitado pasó a la imagen anterior de la moto KYMCO PEOPLE S 125 2019 
[2026-02-24T07:08:18.409Z] [INFO] [Origen: /detallesMotos/kymco-people-s-125-2019-km0-1373798]: Usuario Invitado pasó a la imagen anterior de la moto KYMCO PEOPLE S 125 2019 
[2026-02-24T07:08:19.755Z] [INFO] [Origen: /detallesMotos/kymco-people-s-125-2019-km0-1373798]: Usuario Invitado pasó a la imagen anterior de la moto KYMCO PEOPLE S 125 2019 
[2026-02-24T07:08:20.322Z] [INFO] [Origen: /detallesMotos/kymco-people-s-125-2019-km0-1373798]: Usuario Invitado pasó a la imagen anterior de la moto KYMCO PEOPLE S 125 2019 
[2026-02-24T07:08:20.816Z] [INFO] [Origen: /detallesMotos/kymco-people-s-125-2019-km0-1373798]: Usuario Invitado pasó a la imagen anterior de la moto KYMCO PEOPLE S 125 2019 
[2026-02-24T07:08:21.505Z] [INFO] [Origen: /detallesMotos/kymco-people-s-125-2019-km0-1373798]: Usuario Invitado pasó a la imagen anterior de la moto KYMCO PEOPLE S 125 2019 
[2026-02-24T07:08:21.906Z] [INFO] [Origen: /detallesMotos/kymco-people-s-125-2019-km0-1373798]: Usuario Invitado pasó a la imagen anterior de la moto KYMCO PEOPLE S 125 2019 
[2026-02-24T07:08:30.009Z] [INFO] [Origen: /detallesMotos/kymco-people-s-125-2019-km0-1373798]: Usuario Invitado pasó a la imagen anterior de la moto KYMCO PEOPLE S 125 2019 
[2026-02-24T07:08:32.010Z] [INFO] [Origen: /detallesMotos/kymco-people-s-125-2019-km0-1373798]: Usuario Invitado pasó a la imagen anterior de la moto KYMCO PEOPLE S 125 2019 
[2026-02-24T07:08:32.777Z] [INFO] [Origen: /detallesMotos/kymco-people-s-125-2019-km0-1373798]: Usuario Invitado pasó a la imagen anterior de la moto KYMCO PEOPLE S 125 2019 
[2026-02-24T07:08:33.497Z] [INFO] [Origen: /detallesMotos/kymco-people-s-125-2019-km0-1373798]: Usuario Invitado pasó a la imagen anterior de la moto KYMCO PEOPLE S 125 2019 
[2026-02-24T07:08:34.105Z] [INFO] [Origen: /detallesMotos/kymco-people-s-125-2019-km0-1373798]: Usuario Invitado pasó a la imagen anterior de la moto KYMCO PEOPLE S 125 2019 
[2026-02-24T07:10:23.217Z] [INFO] [Origen: /detallesMotos/kymco-people-s-125-2019-km0-1373798]: Usuario Invitado cambió el zoom de la imagen de la moto KYMCO PEOPLE S 125 2019 
[2026-02-24T07:10:24.282Z] [INFO] [Origen: /detallesMotos/kymco-people-s-125-2019-km0-1373798]: Usuario Invitado pasó a la siguiente imagen de la moto KYMCO PEOPLE S 125 2019 
[2026-02-24T07:10:24.714Z] [INFO] [Origen: /detallesMotos/kymco-people-s-125-2019-km0-1373798]: Usuario Invitado pasó a la siguiente imagen de la moto KYMCO PEOPLE S 125 2019 
[2026-02-24T07:10:25.482Z] [INFO] [Origen: /detallesMotos/kymco-people-s-125-2019-km0-1373798]: Usuario Invitado cambió el zoom de la imagen de la moto KYMCO PEOPLE S 125 2019 
[2026-02-24T07:11:26.090Z] [INFO] [Origen: /]: Usuario Invitado accedió a la página de ElMotorista 
[2026-02-24T07:11:26.094Z] [INFO] [Origen: /]: Usuario Invitado accedió a la página de ElMotorista 
[2026-02-24T07:12:29.825Z] [INFO] [Origen: /]: Usuario Invitado accedió a la página de ElMotorista 
[2026-02-24T07:12:29.829Z] [INFO] [Origen: /]: Usuario Invitado accedió a la página de ElMotorista 
[2026-02-24T07:12:31.457Z] [INFO] [Origen: /]: Usuario Invitado accedió a la página de ElMotorista 
[2026-02-24T07:12:31.462Z] [INFO] [Origen: /]: Usuario Invitado accedió a la página de ElMotorista 
[2026-02-24T07:12:33.679Z] [INFO] [Origen: /]: Usuario Invitado accedió a la página de ElMotorista 
[2026-02-24T07:12:33.683Z] [INFO] [Origen: /]: Usuario Invitado accedió a la página de ElMotorista 
[2026-02-24T07:12:35.124Z] [INFO] [Origen: /]: Usuario Invitado accedió a la página de ElMotorista 
[2026-02-24T07:12:35.126Z] [INFO] [Origen: /]: Usuario Invitado accedió a la página de ElMotorista 
[2026-02-24T07:12:35.961Z] [INFO] [Origen: /]: Usuario Invitado accedió a la página de ElMotorista 
[2026-02-24T07:12:35.965Z] [INFO] [Origen: /]: Usuario Invitado accedió a la página de ElMotorista 
[2026-02-24T07:12:38.414Z] [INFO] [Origen: /]: Usuario Invitado accedió a la página de ElMotorista 
[2026-02-24T07:12:38.419Z] [INFO] [Origen: /]: Usuario Invitado accedió a la página de ElMotorista 
[2026-02-24T07:12:41.450Z] [INFO] [Origen: /]: Usuario Invitado accedió a la página de ElMotorista 
[2026-02-24T07:12:41.457Z] [INFO] [Origen: /]: Usuario Invitado accedió a la página de ElMotorista 
[2026-02-24T07:12:43.819Z] [INFO] [Origen: /]: Usuario Invitado accedió a la página de ElMotorista 
[2026-02-24T07:12:43.824Z] [INFO] [Origen: /]: Usuario Invitado accedió a la página de ElMotorista 
[2026-02-24T07:12:45.338Z] [INFO] [Origen: /]: Usuario Invitado accedió a la página de ElMotorista 
[2026-02-24T07:12:45.342Z] [INFO] [Origen: /]: Usuario Invitado accedió a la página de ElMotorista 
[2026-02-24T07:12:45.885Z] [INFO] [Origen: /]: Usuario Invitado accedió a la página de ElMotorista 
[2026-02-24T07:12:45.889Z] [INFO] [Origen: /]: Usuario Invitado accedió a la página de ElMotorista 
[2026-02-24T07:12:46.654Z] [INFO] [Origen: /]: Usuario Invitado accedió a la página de ElMotorista 
[2026-02-24T07:12:46.659Z] [INFO] [Origen: /]: Usuario Invitado accedió a la página de ElMotorista 
[2026-02-24T07:12:47.220Z] [INFO] [Origen: /]: Usuario Invitado accedió a la página de ElMotorista 
[2026-02-24T07:12:47.226Z] [INFO] [Origen: /]: Usuario Invitado accedió a la página de ElMotorista 
[2026-02-24T07:12:48.071Z] [INFO] [Origen: /]: Usuario Invitado accedió a la página de ElMotorista 
[2026-02-24T07:12:48.076Z] [INFO] [Origen: /]: Usuario Invitado accedió a la página de ElMotorista 
[2026-02-24T07:12:48.923Z] [INFO] [Origen: /]: Usuario Invitado accedió a la página de ElMotorista 
[2026-02-24T07:12:48.926Z] [INFO] [Origen: /]: Usuario Invitado accedió a la página de ElMotorista 
[2026-02-24T07:12:49.759Z] [INFO] [Origen: /]: Usuario Invitado accedió a la página de ElMotorista 
[2026-02-24T07:12:49.764Z] [INFO] [Origen: /]: Usuario Invitado accedió a la página de ElMotorista 
[2026-02-24T11:18:28.469Z] [INFO] [Origen: /]: Usuario Invitado accedió a la página de ElMotorista 
[2026-02-24T11:18:28.474Z] [INFO] [Origen: /]: Usuario Invitado accedió a la página de ElMotorista 
[2026-02-24T11:18:30.215Z] [INFO] [Origen: /]: Usuario Invitado accedió a la página de ElMotorista 
[2026-02-24T11:18:30.222Z] [INFO] [Origen: /]: Usuario Invitado accedió a la página de ElMotorista 
[2026-02-24T11:18:44.605Z] [INFO] [Origen: /]: Usuario Invitado accedió a la página de ElMotorista 
[2026-02-24T11:18:44.617Z] [INFO] [Origen: /]: Usuario Invitado accedió a la página de ElMotorista 
[2026-02-24T12:09:37.480Z] [INFO] [Origen: /]: Usuario Invitado accedió a la página de ElMotorista 
[2026-02-24T12:09:37.488Z] [INFO] [Origen: /]: Usuario Invitado accedió a la página de ElMotorista 
